[2024-11-24T04:34:55,103][ERROR][o.e.b.Elasticsearch      ] [elastic] fatal exception while booting Elasticsearch
org.elasticsearch.ElasticsearchSecurityException: failed to load SSL configuration [xpack.security.transport.ssl] - cannot read configured [PKCS12] keystore (as a truststore) [/etc/elasticsearch/certs/transport.p12] - this is usually caused by an incorrect password; (no password was provided)
	at org.elasticsearch.xpack.core.ssl.SSLService.lambda$loadSslConfigurations$11(SSLService.java:620) ~[?:?]
	at java.util.HashMap.forEach(HashMap.java:1430) ~[?:?]
	at java.util.Collections$UnmodifiableMap.forEach(Collections.java:1708) ~[?:?]
	at org.elasticsearch.xpack.core.ssl.SSLService.loadSslConfigurations(SSLService.java:616) ~[?:?]
	at org.elasticsearch.xpack.core.ssl.SSLService.<init>(SSLService.java:160) ~[?:?]
	at org.elasticsearch.xpack.core.XPackPlugin.createSSLService(XPackPlugin.java:496) ~[?:?]
	at org.elasticsearch.xpack.core.XPackPlugin.createComponents(XPackPlugin.java:325) ~[?:?]
	at org.elasticsearch.node.NodeConstruction.lambda$construct$16(NodeConstruction.java:884) ~[elasticsearch-8.16.0.jar:?]
	at org.elasticsearch.plugins.PluginsService.lambda$flatMap$1(PluginsService.java:254) ~[elasticsearch-8.16.0.jar:?]
	at java.util.stream.ReferencePipeline$7$1FlatMap.accept(ReferencePipeline.java:289) ~[?:?]
	at java.util.stream.ReferencePipeline$3$1.accept(ReferencePipeline.java:215) ~[?:?]
	at java.util.AbstractList$RandomAccessSpliterator.forEachRemaining(AbstractList.java:722) ~[?:?]
	at java.util.stream.AbstractPipeline.copyInto(AbstractPipeline.java:570) ~[?:?]
	at java.util.stream.AbstractPipeline.wrapAndCopyInto(AbstractPipeline.java:560) ~[?:?]
	at java.util.stream.AbstractPipeline.evaluate(AbstractPipeline.java:636) ~[?:?]
	at java.util.stream.AbstractPipeline.evaluateToArrayNode(AbstractPipeline.java:291) ~[?:?]
	at java.util.stream.ReferencePipeline.toArray(ReferencePipeline.java:656) ~[?:?]
	at java.util.stream.ReferencePipeline.toArray(ReferencePipeline.java:662) ~[?:?]
	at java.util.stream.ReferencePipeline.toList(ReferencePipeline.java:667) ~[?:?]
	at org.elasticsearch.node.NodeConstruction.construct(NodeConstruction.java:906) ~[elasticsearch-8.16.0.jar:?]
	at org.elasticsearch.node.NodeConstruction.prepareConstruction(NodeConstruction.java:288) ~[elasticsearch-8.16.0.jar:?]
	at org.elasticsearch.node.Node.<init>(Node.java:200) ~[elasticsearch-8.16.0.jar:?]
	at org.elasticsearch.bootstrap.Elasticsearch$2.<init>(Elasticsearch.java:240) ~[elasticsearch-8.16.0.jar:?]
	at org.elasticsearch.bootstrap.Elasticsearch.initPhase3(Elasticsearch.java:240) ~[elasticsearch-8.16.0.jar:?]
	at org.elasticsearch.bootstrap.Elasticsearch.main(Elasticsearch.java:75) ~[elasticsearch-8.16.0.jar:?]
Caused by: org.elasticsearch.common.ssl.SslConfigException: cannot read configured [PKCS12] keystore (as a truststore) [/etc/elasticsearch/certs/transport.p12] - this is usually caused by an incorrect password; (no password was provided)
	at org.elasticsearch.common.ssl.SslFileUtil.ioException(SslFileUtil.java:57) ~[?:?]
	at org.elasticsearch.common.ssl.StoreTrustConfig.readKeyStore(StoreTrustConfig.java:99) ~[?:?]
	at org.elasticsearch.common.ssl.StoreTrustConfig.createTrustManager(StoreTrustConfig.java:83) ~[?:?]
	at org.elasticsearch.xpack.core.ssl.SSLService.createSslContext(SSLService.java:479) ~[?:?]
	at java.util.HashMap.computeIfAbsent(HashMap.java:1229) ~[?:?]
	at org.elasticsearch.xpack.core.ssl.SSLService.lambda$loadSslConfigurations$11(SSLService.java:618) ~[?:?]
	... 24 more
Caused by: java.io.IOException: keystore password was incorrect
	at sun.security.pkcs12.PKCS12KeyStore.engineLoad(PKCS12KeyStore.java:2112) ~[?:?]
	at sun.security.util.KeyStoreDelegator.engineLoad(KeyStoreDelegator.java:228) ~[?:?]
	at java.security.KeyStore.load(KeyStore.java:1499) ~[?:?]
	at org.elasticsearch.common.ssl.KeyStoreUtil.readKeyStore(KeyStoreUtil.java:73) ~[?:?]
	at org.elasticsearch.common.ssl.StoreTrustConfig.readKeyStore(StoreTrustConfig.java:95) ~[?:?]
	at org.elasticsearch.common.ssl.StoreTrustConfig.createTrustManager(StoreTrustConfig.java:83) ~[?:?]
	at org.elasticsearch.xpack.core.ssl.SSLService.createSslContext(SSLService.java:479) ~[?:?]
	at java.util.HashMap.computeIfAbsent(HashMap.java:1229) ~[?:?]
	at org.elasticsearch.xpack.core.ssl.SSLService.lambda$loadSslConfigurations$11(SSLService.java:618) ~[?:?]
	... 24 more
Caused by: java.security.UnrecoverableKeyException: failed to decrypt safe contents entry: javax.crypto.BadPaddingException: Given final block not properly padded. Such issues can arise if a bad key is used during decryption.
	at sun.security.pkcs12.PKCS12KeyStore.engineLoad(PKCS12KeyStore.java:2112) ~[?:?]
	at sun.security.util.KeyStoreDelegator.engineLoad(KeyStoreDelegator.java:228) ~[?:?]
	at java.security.KeyStore.load(KeyStore.java:1499) ~[?:?]
	at org.elasticsearch.common.ssl.KeyStoreUtil.readKeyStore(KeyStoreUtil.java:73) ~[?:?]
	at org.elasticsearch.common.ssl.StoreTrustConfig.readKeyStore(StoreTrustConfig.java:95) ~[?:?]
	at org.elasticsearch.common.ssl.StoreTrustConfig.createTrustManager(StoreTrustConfig.java:83) ~[?:?]
	at org.elasticsearch.xpack.core.ssl.SSLService.createSslContext(SSLService.java:479) ~[?:?]
	at java.util.HashMap.computeIfAbsent(HashMap.java:1229) ~[?:?]
	at org.elasticsearch.xpack.core.ssl.SSLService.lambda$loadSslConfigurations$11(SSLService.java:618) ~[?:?]
	... 24 more
