cat /var/log/elasticsearch/elasticsearch.log | grep -i "caused by"
Caused by: javax.net.ssl.SSLHandshakeException: (handshake_failure) Insufficient buffer remaining for AEAD cipher fragment (2). Needs to be more than tag size (16)
Caused by: javax.crypto.BadPaddingException: Insufficient buffer remaining for AEAD cipher fragment (2). Needs to be more than tag size (16)
org.elasticsearch.ElasticsearchSecurityException: failed to load SSL configuration [xpack.security.transport.ssl] - cannot read configured [PKCS12] keystore (as a truststore) [/etc/elasticsearch/certs/transport.p12] - this is usually caused by an incorrect password; (no password was provided)
Caused by: org.elasticsearch.common.ssl.SslConfigException: cannot read configured [PKCS12] keystore (as a truststore) [/etc/elasticsearch/certs/transport.p12] - this is usually caused by an incorrect password; (no password was provided)
Caused by: java.io.IOException: keystore password was incorrect
Caused by: java.security.UnrecoverableKeyException: failed to decrypt safe contents entry: javax.crypto.BadPaddingException: Given final block not properly padded. Such issues can arise if a bad key is used during decryption.
Caused by: org.elasticsearch.common.ssl.SslConfigException: not permitted to read the [PKCS12] keystore (as a truststore) file [/etc/elasticsearch/certs/transport.p12]
Caused by: java.nio.file.AccessDeniedException: /etc/elasticsearch/certs/transport.p12
Caused by: org.elasticsearch.common.ssl.SslConfigException: not permitted to read the [PKCS12] keystore (as a truststore) file [/etc/elasticsearch/certs/transport.p12]
Caused by: java.nio.file.AccessDeniedException: /etc/elasticsearch/certs/transport.p12
Caused by: org.elasticsearch.common.ssl.SslConfigException: not permitted to read the [PKCS12] keystore (as a truststore) file [/etc/elasticsearch/certs/transport.p12]
Caused by: java.nio.file.AccessDeniedException: /etc/elasticsearch/certs/transport.p12
org.elasticsearch.ElasticsearchSecurityException: failed to load SSL configuration [xpack.security.transport.ssl] - cannot read configured [PKCS12] keystore (as a truststore) [/etc/elasticsearch/certs/transport.p12] - this is usually caused by an incorrect password; (no password was provided)
Caused by: org.elasticsearch.common.ssl.SslConfigException: cannot read configured [PKCS12] keystore (as a truststore) [/etc/elasticsearch/certs/transport.p12] - this is usually caused by an incorrect password; (no password was provided)
Caused by: java.io.IOException: keystore password was incorrect
Caused by: java.security.UnrecoverableKeyException: failed to decrypt safe contents entry: javax.crypto.BadPaddingException: Given final block not properly padded. Such issues can arise if a bad key is used during decryption.
org.elasticsearch.ElasticsearchSecurityException: failed to load SSL configuration [xpack.security.transport.ssl] - cannot read configured [PKCS12] keystore (as a truststore) [/etc/elasticsearch/certs/transport.p12] - this is usually caused by an incorrect password; (no password was provided)
Caused by: org.elasticsearch.common.ssl.SslConfigException: cannot read configured [PKCS12] keystore (as a truststore) [/etc/elasticsearch/certs/transport.p12] - this is usually caused by an incorrect password; (no password was provided)
Caused by: java.io.IOException: keystore password was incorrect
Caused by: java.security.UnrecoverableKeyException: failed to decrypt safe contents entry: javax.crypto.BadPaddingException: Given final block not properly padded. Such issues can arise if a bad key is used during decryption.
org.elasticsearch.ElasticsearchSecurityException: failed to load SSL configuration [xpack.security.transport.ssl] - cannot read configured [PKCS12] keystore (as a truststore) [/etc/elasticsearch/certs/transport.p12] - this is usually caused by an incorrect password; (no password was provided)
Caused by: org.elasticsearch.common.ssl.SslConfigException: cannot read configured [PKCS12] keystore (as a truststore) [/etc/elasticsearch/certs/transport.p12] - this is usually caused by an incorrect password; (no password was provided)
Caused by: java.io.IOException: keystore password was incorrect
Caused by: java.security.UnrecoverableKeyException: failed to decrypt safe contents entry: javax.crypto.BadPaddingException: Given final block not properly padded. Such issues can arise if a bad key is used during decryption.
